0 info it worked if it ends with ok
1 verbose cli [ '/usr/local/bin/node',
1 verbose cli   '/usr/local/bin/npm',
1 verbose cli   'run',
1 verbose cli   'scss-lint-docs' ]
2 info using npm@3.10.10
3 info using node@v6.10.0
4 verbose run-script [ 'prescss-lint-docs', 'scss-lint-docs', 'postscss-lint-docs' ]
5 info lifecycle bootstrap@4.0.0-alpha.6~prescss-lint-docs: bootstrap@4.0.0-alpha.6
6 silly lifecycle bootstrap@4.0.0-alpha.6~prescss-lint-docs: no script for prescss-lint-docs, continuing
7 info lifecycle bootstrap@4.0.0-alpha.6~scss-lint-docs: bootstrap@4.0.0-alpha.6
8 verbose lifecycle bootstrap@4.0.0-alpha.6~scss-lint-docs: unsafe-perm in lifecycle true
9 verbose lifecycle bootstrap@4.0.0-alpha.6~scss-lint-docs: PATH: /usr/local/lib/node_modules/npm/bin/node-gyp-bin:/Users/rafa/Desktop/Classes/ART405/project2/repfinder/node_modules/.bin:/usr/local/mysql/bin:/usr/local/sbin:/System/Library/Frameworks/Python.framework/Versions/2.7/bin:/usr/local/bin:/usr/bin:/bin:/usr/sbin:/sbin:/opt/X11/bin
10 verbose lifecycle bootstrap@4.0.0-alpha.6~scss-lint-docs: CWD: /Users/rafa/Desktop/Classes/ART405/project2/repfinder
11 silly lifecycle bootstrap@4.0.0-alpha.6~scss-lint-docs: Args: [ '-c',
11 silly lifecycle   'bundle exec scss-lint --config scss/.scss-lint.yml --exclude docs/assets/scss/docs.scss docs/assets/scss/*.scss' ]
12 info lifecycle bootstrap@4.0.0-alpha.6~scss-lint-docs: Failed to exec scss-lint-docs script
13 verbose stack Error: bootstrap@4.0.0-alpha.6 scss-lint-docs: `bundle exec scss-lint --config scss/.scss-lint.yml --exclude docs/assets/scss/docs.scss docs/assets/scss/*.scss`
13 verbose stack spawn ENOENT
13 verbose stack     at ChildProcess.<anonymous> (/usr/local/lib/node_modules/npm/lib/utils/spawn.js:33:16)
13 verbose stack     at emitTwo (events.js:106:13)
13 verbose stack     at ChildProcess.emit (events.js:191:7)
13 verbose stack     at maybeClose (internal/child_process.js:877:16)
13 verbose stack     at Process.ChildProcess._handle.onexit (internal/child_process.js:226:5)
14 verbose pkgid bootstrap@4.0.0-alpha.6
15 verbose cwd /Users/rafa/Desktop/Classes/ART405/project2/repfinder
16 error Darwin 16.4.0
17 error argv "/usr/local/bin/node" "/usr/local/bin/npm" "run" "scss-lint-docs"
18 error node v6.10.0
19 error npm  v3.10.10
20 error file sh
21 error code ELIFECYCLE
22 error errno ENOENT
23 error syscall spawn
24 error bootstrap@4.0.0-alpha.6 scss-lint-docs: `bundle exec scss-lint --config scss/.scss-lint.yml --exclude docs/assets/scss/docs.scss docs/assets/scss/*.scss`
24 error spawn ENOENT
25 error Failed at the bootstrap@4.0.0-alpha.6 scss-lint-docs script 'bundle exec scss-lint --config scss/.scss-lint.yml --exclude docs/assets/scss/docs.scss docs/assets/scss/*.scss'.
25 error Make sure you have the latest version of node.js and npm installed.
25 error If you do, this is most likely a problem with the bootstrap package,
25 error not with npm itself.
25 error Tell the author that this fails on your system:
25 error     bundle exec scss-lint --config scss/.scss-lint.yml --exclude docs/assets/scss/docs.scss docs/assets/scss/*.scss
25 error You can get information on how to open an issue for this project with:
25 error     npm bugs bootstrap
25 error Or if that isn't available, you can get their info via:
25 error     npm owner ls bootstrap
25 error There is likely additional logging output above.
26 verbose exit [ 1, true ]
